0 verbose cli C:\Program Files\nodejs\node.exe C:\Users\abdul\AppData\Roaming\npm\node_modules\npm\bin\npm-cli.js
1 info using npm@10.2.4
2 info using node@v18.18.2
3 timing npm:load:whichnode Completed in 4ms
4 timing config:load:defaults Completed in 6ms
5 timing config:load:file:C:\Users\abdul\AppData\Roaming\npm\node_modules\npm\npmrc Completed in 8ms
6 timing config:load:builtin Completed in 9ms
7 timing config:load:cli Completed in 3ms
8 timing config:load:env Completed in 1ms
9 timing config:load:file:D:\backend\PROJECTS\Building First REST API\.npmrc Completed in 0ms
10 timing config:load:project Completed in 2ms
11 timing config:load:file:C:\Users\abdul\.npmrc Completed in 2ms
12 timing config:load:user Completed in 2ms
13 timing config:load:file:C:\Users\abdul\AppData\Roaming\npm\etc\npmrc Completed in 0ms
14 timing config:load:global Completed in 0ms
15 timing config:load:setEnvs Completed in 2ms
16 timing config:load Completed in 28ms
17 timing npm:load:configload Completed in 28ms
18 timing config:load:flatten Completed in 5ms
19 timing npm:load:mkdirpcache Completed in 1ms
20 timing npm:load:mkdirplogs Completed in 0ms
21 verbose title npm start
22 verbose argv "start"
23 timing npm:load:setTitle Completed in 1ms
24 timing npm:load:display Completed in 1ms
25 verbose logfile logs-max:10 dir:D:\backend\PROJECTS\Building First REST API\.npm\_logs\2023-12-09T17_11_24_253Z-
26 verbose logfile D:\backend\PROJECTS\Building First REST API\.npm\_logs\2023-12-09T17_11_24_253Z-debug-0.log
27 timing npm:load:logFile Completed in 23ms
28 timing npm:load:timers Completed in 0ms
29 timing npm:load:configScope Completed in 0ms
30 timing npm:load Completed in 118ms
31 silly logfile start cleaning logs, removing 2 files
32 silly logfile done cleaning log files
